<?xml version="1.0" encoding="UTF-8"?>
<testsuite name="org.example.manage_web.ManageWebApplicationTests" tests="1" skipped="0" failures="0" errors="0" timestamp="2024-12-09T18:25:41" hostname="GGUIP" time="0.526">
  <properties/>
  <testcase name="contextLoads()" classname="org.example.manage_web.ManageWebApplicationTests" time="0.526"/>
  <system-out><![CDATA[03:25:36.439 [Test worker] INFO org.springframework.test.context.support.AnnotationConfigContextLoaderUtils -- Could not detect default configuration classes for test class [org.example.manage_web.ManageWebApplicationTests]: ManageWebApplicationTests does not declare any static, non-private, non-final, nested classes annotated with @Configuration.
03:25:36.556 [Test worker] INFO org.springframework.boot.test.context.SpringBootTestContextBootstrapper -- Found @SpringBootConfiguration org.example.manage_web.ManageWebApplication for test class org.example.manage_web.ManageWebApplicationTests

  .   ____          _            __ _ _
 /\\ / ___'_ __ _ _(_)_ __  __ _ \ \ \ \
( ( )\___ | '_ | '_| | '_ \/ _` | \ \ \ \
 \\/  ___)| |_)| | | | | || (_| |  ) ) ) )
  '  |____| .__|_| |_|_| |_\__, | / / / /
 =========|_|==============|___/=/_/_/_/

 :: Spring Boot ::                (v3.3.5)

2024-12-10T03:25:36.895+09:00  INFO 13192 --- [manage_web] [    Test worker] o.e.m.ManageWebApplicationTests          : Starting ManageWebApplicationTests using Java 21.0.3 with PID 13192 (started by gguip in E:\Code_Project\wku_team_potato\manage_web)
2024-12-10T03:25:36.896+09:00  INFO 13192 --- [manage_web] [    Test worker] o.e.m.ManageWebApplicationTests          : No active profile set, falling back to 1 default profile: "default"
2024-12-10T03:25:37.681+09:00  INFO 13192 --- [manage_web] [    Test worker] .s.d.r.c.RepositoryConfigurationDelegate : Bootstrapping Spring Data JPA repositories in DEFAULT mode.
2024-12-10T03:25:37.770+09:00  INFO 13192 --- [manage_web] [    Test worker] .s.d.r.c.RepositoryConfigurationDelegate : Finished Spring Data repository scanning in 80 ms. Found 7 JPA repository interfaces.
2024-12-10T03:25:38.337+09:00  INFO 13192 --- [manage_web] [    Test worker] o.hibernate.jpa.internal.util.LogHelper  : HHH000204: Processing PersistenceUnitInfo [name: default]
2024-12-10T03:25:38.404+09:00  INFO 13192 --- [manage_web] [    Test worker] org.hibernate.Version                    : HHH000412: Hibernate ORM core version 6.5.3.Final
2024-12-10T03:25:38.433+09:00  INFO 13192 --- [manage_web] [    Test worker] o.h.c.internal.RegionFactoryInitiator    : HHH000026: Second-level cache disabled
2024-12-10T03:25:38.709+09:00  INFO 13192 --- [manage_web] [    Test worker] o.s.o.j.p.SpringPersistenceUnitInfo      : No LoadTimeWeaver setup: ignoring JPA class transformer
2024-12-10T03:25:38.736+09:00  INFO 13192 --- [manage_web] [    Test worker] com.zaxxer.hikari.HikariDataSource       : HikariPool-1 - Starting...
2024-12-10T03:25:39.163+09:00  INFO 13192 --- [manage_web] [    Test worker] com.zaxxer.hikari.pool.HikariPool        : HikariPool-1 - Added connection com.mysql.cj.jdbc.ConnectionImpl@5e7cd0df
2024-12-10T03:25:39.167+09:00  INFO 13192 --- [manage_web] [    Test worker] com.zaxxer.hikari.HikariDataSource       : HikariPool-1 - Start completed.
2024-12-10T03:25:39.227+09:00  WARN 13192 --- [manage_web] [    Test worker] org.hibernate.orm.deprecation            : HHH90000025: MySQL8Dialect does not need to be specified explicitly using 'hibernate.dialect' (remove the property setting and it will be selected by default)
2024-12-10T03:25:39.228+09:00  WARN 13192 --- [manage_web] [    Test worker] org.hibernate.orm.deprecation            : HHH90000026: MySQL8Dialect has been deprecated; use org.hibernate.dialect.MySQLDialect instead
2024-12-10T03:25:40.185+09:00  INFO 13192 --- [manage_web] [    Test worker] o.h.e.t.j.p.i.JtaPlatformInitiator       : HHH000489: No JTA platform available (set 'hibernate.transaction.jta.platform' to enable JTA platform integration)
2024-12-10T03:25:40.189+09:00  INFO 13192 --- [manage_web] [    Test worker] j.LocalContainerEntityManagerFactoryBean : Initialized JPA EntityManagerFactory for persistence unit 'default'
2024-12-10T03:25:40.972+09:00  WARN 13192 --- [manage_web] [    Test worker] JpaBaseConfiguration$JpaWebConfiguration : spring.jpa.open-in-view is enabled by default. Therefore, database queries may be performed during view rendering. Explicitly configure spring.jpa.open-in-view to disable this warning
2024-12-10T03:25:40.998+09:00  INFO 13192 --- [manage_web] [    Test worker] o.s.b.a.w.s.WelcomePageHandlerMapping    : Adding welcome page template: index
2024-12-10T03:25:41.552+09:00  INFO 13192 --- [manage_web] [    Test worker] o.e.m.ManageWebApplicationTests          : Started ManageWebApplicationTests in 4.864 seconds (process running for 6.055)
]]></system-out>
  <system-err><![CDATA[WARNING: A Java agent has been loaded dynamically (C:\Users\gguip\.gradle\caches\modules-2\files-2.1\net.bytebuddy\byte-buddy-agent\1.14.19\154da3a65b4f4a909d3e5bdec55d1b2b4cbb6ce1\byte-buddy-agent-1.14.19.jar)
WARNING: If a serviceability tool is in use, please run with -XX:+EnableDynamicAgentLoading to hide this warning
WARNING: If a serviceability tool is not in use, please run with -Djdk.instrument.traceUsage for more information
WARNING: Dynamic loading of agents will be disallowed by default in a future release
]]></system-err>
</testsuite>
